1662393106863	geckodriver	INFO	Listening on 127.0.0.1:7885
1662393109916	mozrunner::runner	INFO	Running command: "C:\\Program Files\\Mozilla Firefox\\firefox.exe" "--marionette" "--remote-debugging-port" "7886" "--remote-allow-hosts" "localhost" "-no-remote" "-profile" "C:\\Users\\chanj\\AppData\\Local\\Temp\\rust_mozprofile6L3rNA"
1662393110669	Marionette	INFO	Marionette enabled
1662393110678	Marionette	INFO	Listening on port 7895
WebDriver BiDi listening on ws://localhost:7886
Read port: 7895
1662393110875	RemoteAgent	WARN	TLS certificate errors will be ignored for this session
console.warn: SearchSettings: "get: No settings file exists, new profile?" (new NotFoundError("Could not open the file at C:\\Users\\chanj\\AppData\\Local\\Temp\\rust_mozprofile6L3rNA\\search.json.mozlz4", (void 0)))
DevTools listening on ws://localhost:7886/devtools/browser/096ef151-8fff-4f4e-9a3f-c33d76e18a98
JavaScript warning: https://pagead2.googlesyndication.com/bg/CgETvhyXIYksjpVuZOiCWYZFr3TNicAtz6hsjYVMHCQ.js line 2 > eval line 5065 > eval line 1 > eval line 1 > eval, line 1: WEBGL_debug_renderer_info is deprecated in Firefox and will be removed. Please use RENDERER.
1662393118047	Marionette	WARN	Ignoring event 'DOMContentLoaded' because document has an invalid readyState of 'complete'.
1662393120378	Marionette	INFO	Stopped listening on port 7895
JavaScript error: , line 0: TypeError: NetworkError when attempting to fetch resource.
JavaScript error: , line 0: TypeError: NetworkError when attempting to fetch resource.
1662393193229	geckodriver	INFO	Listening on 127.0.0.1:4881
1662393196278	mozrunner::runner	INFO	Running command: "C:\\Program Files\\Mozilla Firefox\\firefox.exe" "--marionette" "--remote-debugging-port" "4882" "--remote-allow-hosts" "localhost" "-no-remote" "-profile" "C:\\Users\\chanj\\AppData\\Local\\Temp\\rust_mozprofileD2gcrv"
1662393197125	Marionette	INFO	Marionette enabled
1662393197136	Marionette	INFO	Listening on port 4891
WebDriver BiDi listening on ws://localhost:4882
Read port: 4891
1662393197366	RemoteAgent	WARN	TLS certificate errors will be ignored for this session
console.warn: SearchSettings: "get: No settings file exists, new profile?" (new NotFoundError("Could not open the file at C:\\Users\\chanj\\AppData\\Local\\Temp\\rust_mozprofileD2gcrv\\search.json.mozlz4", (void 0)))
DevTools listening on ws://localhost:4882/devtools/browser/7824ca6d-63a3-4bbb-9504-d9fc7643d848
JavaScript warning: https://pagead2.googlesyndication.com/bg/CgETvhyXIYksjpVuZOiCWYZFr3TNicAtz6hsjYVMHCQ.js line 2 > eval line 1598 > eval line 1 > eval line 1 > eval, line 1: WEBGL_debug_renderer_info is deprecated in Firefox and will be removed. Please use RENDERER.
1662393203896	Marionette	WARN	Ignoring event 'DOMContentLoaded' because document has an invalid readyState of 'complete'.
1662393206284	Marionette	INFO	Stopped listening on port 4891
JavaScript error: , line 0: TypeError: NetworkError when attempting to fetch resource.
JavaScript error: , line 0: TypeError: NetworkError when attempting to fetch resource.
1662393396388	geckodriver	INFO	Listening on 127.0.0.1:1086
1662393399439	mozrunner::runner	INFO	Running command: "C:\\Program Files\\Mozilla Firefox\\firefox.exe" "--marionette" "--remote-debugging-port" "1087" "--remote-allow-hosts" "localhost" "-no-remote" "-profile" "C:\\Users\\chanj\\AppData\\Local\\Temp\\rust_mozprofileW8se2h"
1662393400136	Marionette	INFO	Marionette enabled
1662393400149	Marionette	INFO	Listening on port 1096
WebDriver BiDi listening on ws://localhost:1087
Read port: 1096
1662393400361	RemoteAgent	WARN	TLS certificate errors will be ignored for this session
console.warn: SearchSettings: "get: No settings file exists, new profile?" (new NotFoundError("Could not open the file at C:\\Users\\chanj\\AppData\\Local\\Temp\\rust_mozprofileW8se2h\\search.json.mozlz4", (void 0)))
DevTools listening on ws://localhost:1087/devtools/browser/4dbac691-81cc-4020-8402-c7cfc179fbba
JavaScript warning: https://pagead2.googlesyndication.com/bg/CgETvhyXIYksjpVuZOiCWYZFr3TNicAtz6hsjYVMHCQ.js line 2 > eval line 1796 > eval line 1 > eval line 1 > eval, line 1: WEBGL_debug_renderer_info is deprecated in Firefox and will be removed. Please use RENDERER.
1662393406284	Marionette	WARN	Ignoring event 'DOMContentLoaded' because document has an invalid readyState of 'complete'.
1662393408518	Marionette	INFO	Stopped listening on port 1096
JavaScript error: , line 0: TypeError: NetworkError when attempting to fetch resource.
JavaScript error: , line 0: TypeError: NetworkError when attempting to fetch resource.
1662395087214	geckodriver	INFO	Listening on 127.0.0.1:4996
1662395090313	mozrunner::runner	INFO	Running command: "C:\\Program Files\\Mozilla Firefox\\firefox.exe" "--marionette" "-headless" "--remote-debugging-port" "4997" "--remote-allow-hosts" "localhost" "-no-remote" "-profile" "C:\\Users\\chanj\\AppData\\Local\\Temp\\rust_mozprofileZHLypl"
*** You are running in headless mode.
1662395091389	Marionette	INFO	Marionette enabled
1662395091403	Marionette	INFO	Listening on port 5008
Read port: 5008
WebDriver BiDi listening on ws://localhost:4997
1662395091633	RemoteAgent	WARN	TLS certificate errors will be ignored for this session
[GFX1-]: RenderCompositorSWGL failed mapping default framebuffer, no dt
console.warn: SearchSettings: "get: No settings file exists, new profile?" (new NotFoundError("Could not open the file at C:\\Users\\chanj\\AppData\\Local\\Temp\\rust_mozprofileZHLypl\\search.json.mozlz4", (void 0)))
DevTools listening on ws://localhost:4997/devtools/browser/6321c6e4-5e90-4df2-b455-e8485b5b50ce
JavaScript warning: https://pagead2.googlesyndication.com/bg/CgETvhyXIYksjpVuZOiCWYZFr3TNicAtz6hsjYVMHCQ.js line 2 > eval line 7327 > eval line 1 > eval line 1 > eval, line 1: WEBGL_debug_renderer_info is deprecated in Firefox and will be removed. Please use RENDERER.
1662395101822	Marionette	INFO	Stopped listening on port 5008
1662552220339	geckodriver	INFO	Listening on 127.0.0.1:64434
1662552369846	geckodriver	INFO	Listening on 127.0.0.1:65061
1662552689196	geckodriver	INFO	Listening on 127.0.0.1:50028
1662552698715	geckodriver	INFO	Listening on 127.0.0.1:50076
1662552733558	geckodriver	INFO	Listening on 127.0.0.1:50226
1662554372921	geckodriver	INFO	Listening on 127.0.0.1:52370
1662554373344	mozrunner::runner	INFO	Running command: "/Applications/Firefox.app/Contents/MacOS/firefox-bin" "--marionette" "-headless" "--remote-debugging-port" "52371" "--remote-allow-hosts" "localhost" "-foreground" "-no-remote" "-profile" "/var/folders/57/n3qr69pj31qdtbzplhrrx_1w0000gn/T/rust_mozprofile1C4GcD"
*** You are running in headless mode.
1662554373657	Marionette	INFO	Marionette enabled
2022-09-07 13:39:33.674 plugin-container[92942:11715693] nil host used in call to allowsSpecificHTTPSCertificateForHost
2022-09-07 13:39:33.674 plugin-container[92942:11715693] nil host used in call to allowsAnyHTTPSCertificateForHost:
2022-09-07 13:39:33.676 plugin-container[92942:11715693] nil host used in call to allowsSpecificHTTPSCertificateForHost
2022-09-07 13:39:33.676 plugin-container[92942:11715693] nil host used in call to allowsAnyHTTPSCertificateForHost:
2022-09-07 13:39:33.676 plugin-container[92942:11715695] nil host used in call to allowsSpecificHTTPSCertificateForHost
2022-09-07 13:39:33.676 plugin-container[92942:11715695] nil host used in call to allowsAnyHTTPSCertificateForHost:
1662554373691	Marionette	INFO	Listening on port 52382
WebDriver BiDi listening on ws://localhost:52371
Read port: 52382
1662554373816	RemoteAgent	WARN	TLS certificate errors will be ignored for this session
[GFX1-]: RenderCompositorSWGL failed mapping default framebuffer, no dt
console.warn: SearchSettings: "get: No settings file exists, new profile?" (new NotFoundError("Could not open the file at /var/folders/57/n3qr69pj31qdtbzplhrrx_1w0000gn/T/rust_mozprofile1C4GcD/search.json.mozlz4", (void 0)))
DevTools listening on ws://localhost:52371/devtools/browser/d005d2ed-1b0c-4f1f-9b78-d6923495b90b
JavaScript warning: https://pagead2.googlesyndication.com/bg/dMUMwKlHRkKFxm324gu_shN2JBGfr2rZRInLP1vMiqM.js line 2 > eval line 1504 > eval line 1 > eval line 1 > eval, line 1: WEBGL_debug_renderer_info is deprecated in Firefox and will be removed. Please use RENDERER.
1662554379265	Marionette	INFO	Stopped listening on port 52382
JavaScript error: , line 0: TypeError: NetworkError when attempting to fetch resource.
JavaScript error: , line 0: TypeError: NetworkError when attempting to fetch resource.
JavaScript error: , line 0: TypeError: NetworkError when attempting to fetch resource.
1662554546076	geckodriver	INFO	Listening on 127.0.0.1:53139
1662554546595	mozrunner::runner	INFO	Running command: "/Applications/Firefox.app/Contents/MacOS/firefox-bin" "--marionette" "-headless" "--remote-debugging-port" "53140" "--remote-allow-hosts" "localhost" "-foreground" "-no-remote" "-profile" "/var/folders/57/n3qr69pj31qdtbzplhrrx_1w0000gn/T/rust_mozprofile4DDJfY"
*** You are running in headless mode.
1662554546860	Marionette	INFO	Marionette enabled
2022-09-07 13:42:26.862 plugin-container[92976:11717074] nil host used in call to allowsSpecificHTTPSCertificateForHost
2022-09-07 13:42:26.863 plugin-container[92976:11717074] nil host used in call to allowsAnyHTTPSCertificateForHost:
2022-09-07 13:42:26.866 plugin-container[92976:11717074] nil host used in call to allowsSpecificHTTPSCertificateForHost
2022-09-07 13:42:26.866 plugin-container[92976:11717074] nil host used in call to allowsAnyHTTPSCertificateForHost:
2022-09-07 13:42:26.866 plugin-container[92976:11717097] nil host used in call to allowsSpecificHTTPSCertificateForHost
2022-09-07 13:42:26.866 plugin-container[92976:11717097] nil host used in call to allowsAnyHTTPSCertificateForHost:
1662554546869	Marionette	INFO	Listening on port 53151
WebDriver BiDi listening on ws://localhost:53140
Read port: 53151
1662554547023	RemoteAgent	WARN	TLS certificate errors will be ignored for this session
[GFX1-]: RenderCompositorSWGL failed mapping default framebuffer, no dt
console.warn: SearchSettings: "get: No settings file exists, new profile?" (new NotFoundError("Could not open the file at /var/folders/57/n3qr69pj31qdtbzplhrrx_1w0000gn/T/rust_mozprofile4DDJfY/search.json.mozlz4", (void 0)))
DevTools listening on ws://localhost:53140/devtools/browser/19e712d5-9471-4b57-8649-93441dc2dd7a
JavaScript warning: https://pagead2.googlesyndication.com/bg/dMUMwKlHRkKFxm324gu_shN2JBGfr2rZRInLP1vMiqM.js line 2 > eval line 619 > eval line 1 > eval line 1 > eval, line 1: WEBGL_debug_renderer_info is deprecated in Firefox and will be removed. Please use RENDERER.
JavaScript warning: https://pagead2.googlesyndication.com/bg/dMUMwKlHRkKFxm324gu_shN2JBGfr2rZRInLP1vMiqM.js line 2 > eval line 1440 > eval line 1 > eval line 1 > eval, line 1: WEBGL_debug_renderer_info is deprecated in Firefox and will be removed. Please use RENDERER.
1662554552560	Marionette	INFO	Stopped listening on port 53151
JavaScript error: , line 0: TypeError: NetworkError when attempting to fetch resource.
JavaScript error: , line 0: TypeError: NetworkError when attempting to fetch resource.
JavaScript error: , line 0: TypeError: NetworkError when attempting to fetch resource.
1662554774438	geckodriver	INFO	Listening on 127.0.0.1:54151
1662554774876	mozrunner::runner	INFO	Running command: "/Applications/Firefox.app/Contents/MacOS/firefox-bin" "--marionette" "-headless" "--remote-debugging-port" "54152" "--remote-allow-hosts" "localhost" "-foreground" "-no-remote" "-profile" "/var/folders/57/n3qr69pj31qdtbzplhrrx_1w0000gn/T/rust_mozprofilejosW3r"
*** You are running in headless mode.
1662554775144	Marionette	INFO	Marionette enabled
2022-09-07 13:46:15.160 plugin-container[93498:11719834] nil host used in call to allowsSpecificHTTPSCertificateForHost
2022-09-07 13:46:15.160 plugin-container[93498:11719834] nil host used in call to allowsAnyHTTPSCertificateForHost:
2022-09-07 13:46:15.162 plugin-container[93498:11719834] nil host used in call to allowsSpecificHTTPSCertificateForHost
2022-09-07 13:46:15.162 plugin-container[93498:11719834] nil host used in call to allowsAnyHTTPSCertificateForHost:
2022-09-07 13:46:15.162 plugin-container[93498:11719832] nil host used in call to allowsSpecificHTTPSCertificateForHost
2022-09-07 13:46:15.162 plugin-container[93498:11719832] nil host used in call to allowsAnyHTTPSCertificateForHost:
1662554775175	Marionette	INFO	Listening on port 54163
WebDriver BiDi listening on ws://localhost:54152
Read port: 54163
1662554775295	RemoteAgent	WARN	TLS certificate errors will be ignored for this session
[GFX1-]: RenderCompositorSWGL failed mapping default framebuffer, no dt
console.warn: SearchSettings: "get: No settings file exists, new profile?" (new NotFoundError("Could not open the file at /var/folders/57/n3qr69pj31qdtbzplhrrx_1w0000gn/T/rust_mozprofilejosW3r/search.json.mozlz4", (void 0)))
DevTools listening on ws://localhost:54152/devtools/browser/0f485245-b2cb-4032-8a0d-cc7f9e6f4d58
JavaScript warning: https://pagead2.googlesyndication.com/bg/dMUMwKlHRkKFxm324gu_shN2JBGfr2rZRInLP1vMiqM.js line 2 > eval line 7783 > eval line 1 > eval line 1 > eval, line 1: WEBGL_debug_renderer_info is deprecated in Firefox and will be removed. Please use RENDERER.
1662554780902	Marionette	INFO	Stopped listening on port 54163
JavaScript error: , line 0: TypeError: NetworkError when attempting to fetch resource.
JavaScript error: , line 0: TypeError: NetworkError when attempting to fetch resource.
JavaScript error: , line 0: TypeError: NetworkError when attempting to fetch resource.
1662556969446	geckodriver	INFO	Listening on 127.0.0.1:60482
1662556969875	mozrunner::runner	INFO	Running command: "/Applications/Firefox.app/Contents/MacOS/firefox-bin" "--marionette" "-headless" "--remote-debugging-port" "60483" "--remote-allow-hosts" "localhost" "-foreground" "-no-remote" "-profile" "/var/folders/57/n3qr69pj31qdtbzplhrrx_1w0000gn/T/rust_mozprofilepnYbg5"
*** You are running in headless mode.
1662556970270	Marionette	INFO	Marionette enabled
1662556970282	Marionette	INFO	Listening on port 60494
WebDriver BiDi listening on ws://localhost:60483
Read port: 60494
2022-09-07 14:22:50.362 plugin-container[93690:11728701] nil host used in call to allowsSpecificHTTPSCertificateForHost
2022-09-07 14:22:50.362 plugin-container[93690:11728701] nil host used in call to allowsAnyHTTPSCertificateForHost:
2022-09-07 14:22:50.365 plugin-container[93690:11728701] nil host used in call to allowsSpecificHTTPSCertificateForHost
2022-09-07 14:22:50.365 plugin-container[93690:11728701] nil host used in call to allowsAnyHTTPSCertificateForHost:
2022-09-07 14:22:50.366 plugin-container[93690:11728699] nil host used in call to allowsSpecificHTTPSCertificateForHost
2022-09-07 14:22:50.366 plugin-container[93690:11728699] nil host used in call to allowsAnyHTTPSCertificateForHost:
1662556970449	RemoteAgent	WARN	TLS certificate errors will be ignored for this session
[GFX1-]: RenderCompositorSWGL failed mapping default framebuffer, no dt
console.warn: SearchSettings: "get: No settings file exists, new profile?" (new NotFoundError("Could not open the file at /var/folders/57/n3qr69pj31qdtbzplhrrx_1w0000gn/T/rust_mozprofilepnYbg5/search.json.mozlz4", (void 0)))
DevTools listening on ws://localhost:60483/devtools/browser/d2613d67-725c-484d-bddf-16ef6a282882
JavaScript warning: https://pagead2.googlesyndication.com/bg/dMUMwKlHRkKFxm324gu_shN2JBGfr2rZRInLP1vMiqM.js line 2 > eval line 952 > eval line 1 > eval line 1 > eval, line 1: WEBGL_debug_renderer_info is deprecated in Firefox and will be removed. Please use RENDERER.
1662556975722	Marionette	INFO	Stopped listening on port 60494
JavaScript error: , line 0: TypeError: NetworkError when attempting to fetch resource.
JavaScript error: , line 0: TypeError: NetworkError when attempting to fetch resource.
1662557063057	geckodriver	INFO	Listening on 127.0.0.1:60924
1662557063560	mozrunner::runner	INFO	Running command: "/Applications/Firefox.app/Contents/MacOS/firefox-bin" "--marionette" "-headless" "--remote-debugging-port" "60925" "--remote-allow-hosts" "localhost" "-foreground" "-no-remote" "-profile" "/var/folders/57/n3qr69pj31qdtbzplhrrx_1w0000gn/T/rust_mozprofilePd4hmE"
*** You are running in headless mode.
1662557063879	Marionette	INFO	Marionette enabled
1662557063888	Marionette	INFO	Listening on port 60936
2022-09-07 14:24:23.888 plugin-container[93702:11729574] nil host used in call to allowsSpecificHTTPSCertificateForHost
2022-09-07 14:24:23.888 plugin-container[93702:11729574] nil host used in call to allowsAnyHTTPSCertificateForHost:
2022-09-07 14:24:23.892 plugin-container[93702:11729574] nil host used in call to allowsSpecificHTTPSCertificateForHost
2022-09-07 14:24:23.892 plugin-container[93702:11729574] nil host used in call to allowsAnyHTTPSCertificateForHost:
WebDriver BiDi listening on ws://localhost:60925
2022-09-07 14:24:23.892 plugin-container[93702:11729581] nil host used in call to allowsSpecificHTTPSCertificateForHost
2022-09-07 14:24:23.892 plugin-container[93702:11729581] nil host used in call to allowsAnyHTTPSCertificateForHost:
Read port: 60936
1662557064058	RemoteAgent	WARN	TLS certificate errors will be ignored for this session
[GFX1-]: RenderCompositorSWGL failed mapping default framebuffer, no dt
console.warn: SearchSettings: "get: No settings file exists, new profile?" (new NotFoundError("Could not open the file at /var/folders/57/n3qr69pj31qdtbzplhrrx_1w0000gn/T/rust_mozprofilePd4hmE/search.json.mozlz4", (void 0)))
DevTools listening on ws://localhost:60925/devtools/browser/182f3f1f-946f-41ff-b2c1-b237428fbbee
JavaScript warning: https://pagead2.googlesyndication.com/bg/dMUMwKlHRkKFxm324gu_shN2JBGfr2rZRInLP1vMiqM.js line 2 > eval line 2148 > eval line 1 > eval line 1 > eval, line 1: WEBGL_debug_renderer_info is deprecated in Firefox and will be removed. Please use RENDERER.
1662557068361	Marionette	WARN	Ignoring event 'DOMContentLoaded' because document has an invalid readyState of 'complete'.
1662557070500	Marionette	INFO	Stopped listening on port 60936
JavaScript error: , line 0: TypeError: NetworkError when attempting to fetch resource.
JavaScript error: , line 0: TypeError: NetworkError when attempting to fetch resource.
JavaScript error: , line 0: TypeError: NetworkError when attempting to fetch resource.
1662558363370	geckodriver	INFO	Listening on 127.0.0.1:49985
1662558363878	mozrunner::runner	INFO	Running command: "/Applications/Firefox.app/Contents/MacOS/firefox-bin" "--marionette" "-headless" "--remote-debugging-port" "49986" "--remote-allow-hosts" "localhost" "-foreground" "-no-remote" "-profile" "/var/folders/57/n3qr69pj31qdtbzplhrrx_1w0000gn/T/rust_mozprofile5SGB6c"
*** You are running in headless mode.
1662558364663	Marionette	INFO	Marionette enabled
1662558364695	Marionette	INFO	Listening on port 49997
WebDriver BiDi listening on ws://localhost:49986
2022-09-07 14:46:04.702 plugin-container[94166:11738362] nil host used in call to allowsSpecificHTTPSCertificateForHost
2022-09-07 14:46:04.703 plugin-container[94166:11738362] nil host used in call to allowsAnyHTTPSCertificateForHost:
Read port: 49997
2022-09-07 14:46:04.748 plugin-container[94166:11738362] nil host used in call to allowsSpecificHTTPSCertificateForHost
2022-09-07 14:46:04.748 plugin-container[94166:11738362] nil host used in call to allowsAnyHTTPSCertificateForHost:
2022-09-07 14:46:04.749 plugin-container[94166:11738369] nil host used in call to allowsSpecificHTTPSCertificateForHost
2022-09-07 14:46:04.749 plugin-container[94166:11738369] nil host used in call to allowsAnyHTTPSCertificateForHost:
1662558364895	RemoteAgent	WARN	TLS certificate errors will be ignored for this session
[GFX1-]: RenderCompositorSWGL failed mapping default framebuffer, no dt
console.warn: SearchSettings: "get: No settings file exists, new profile?" (new NotFoundError("Could not open the file at /var/folders/57/n3qr69pj31qdtbzplhrrx_1w0000gn/T/rust_mozprofile5SGB6c/search.json.mozlz4", (void 0)))
DevTools listening on ws://localhost:49986/devtools/browser/9a6b65b3-9f20-4587-9e0a-c3e78cb467f0
JavaScript warning: https://pagead2.googlesyndication.com/bg/dMUMwKlHRkKFxm324gu_shN2JBGfr2rZRInLP1vMiqM.js line 2 > eval line 5094 > eval line 1 > eval line 1 > eval, line 1: WEBGL_debug_renderer_info is deprecated in Firefox and will be removed. Please use RENDERER.
1662558368064	Marionette	WARN	Ignoring event 'DOMContentLoaded' because document has an invalid readyState of 'complete'.
1662558370493	Marionette	INFO	Stopped listening on port 49997
JavaScript error: , line 0: TypeError: NetworkError when attempting to fetch resource.
JavaScript error: , line 0: TypeError: NetworkError when attempting to fetch resource.
JavaScript error: , line 0: TypeError: NetworkError when attempting to fetch resource.
1662558375560	geckodriver	INFO	Listening on 127.0.0.1:50122
1662558376070	mozrunner::runner	INFO	Running command: "/Applications/Firefox.app/Contents/MacOS/firefox-bin" "--marionette" "-headless" "--remote-debugging-port" "50123" "--remote-allow-hosts" "localhost" "-foreground" "-no-remote" "-profile" "/var/folders/57/n3qr69pj31qdtbzplhrrx_1w0000gn/T/rust_mozprofilefvYt0p"
*** You are running in headless mode.
2022-09-07 14:46:16.307 plugin-container[94181:11738837] nil host used in call to allowsSpecificHTTPSCertificateForHost
2022-09-07 14:46:16.308 plugin-container[94181:11738837] nil host used in call to allowsAnyHTTPSCertificateForHost:
2022-09-07 14:46:16.311 plugin-container[94181:11738837] nil host used in call to allowsSpecificHTTPSCertificateForHost
2022-09-07 14:46:16.311 plugin-container[94181:11738837] nil host used in call to allowsAnyHTTPSCertificateForHost:
2022-09-07 14:46:16.311 plugin-container[94181:11738863] nil host used in call to allowsSpecificHTTPSCertificateForHost
2022-09-07 14:46:16.311 plugin-container[94181:11738863] nil host used in call to allowsAnyHTTPSCertificateForHost:
1662558376311	Marionette	INFO	Marionette enabled
1662558376343	Marionette	INFO	Listening on port 50134
WebDriver BiDi listening on ws://localhost:50123
Read port: 50134
1662558376456	RemoteAgent	WARN	TLS certificate errors will be ignored for this session
[GFX1-]: RenderCompositorSWGL failed mapping default framebuffer, no dt
console.warn: SearchSettings: "get: No settings file exists, new profile?" (new NotFoundError("Could not open the file at /var/folders/57/n3qr69pj31qdtbzplhrrx_1w0000gn/T/rust_mozprofilefvYt0p/search.json.mozlz4", (void 0)))
DevTools listening on ws://localhost:50123/devtools/browser/5d5ae30c-f9ec-44d7-a031-da0d2155a4c3
JavaScript warning: https://pagead2.googlesyndication.com/bg/dMUMwKlHRkKFxm324gu_shN2JBGfr2rZRInLP1vMiqM.js line 2 > eval line 6850 > eval line 1 > eval line 1 > eval, line 1: WEBGL_debug_renderer_info is deprecated in Firefox and will be removed. Please use RENDERER.
1662558379245	Marionette	WARN	Ignoring event 'DOMContentLoaded' because document has an invalid readyState of 'complete'.
1662558381671	Marionette	INFO	Stopped listening on port 50134
JavaScript error: , line 0: TypeError: NetworkError when attempting to fetch resource.
JavaScript error: , line 0: TypeError: NetworkError when attempting to fetch resource.
JavaScript error: , line 0: TypeError: NetworkError when attempting to fetch resource.
1662558386316	geckodriver	INFO	Listening on 127.0.0.1:50250
1662558386822	mozrunner::runner	INFO	Running command: "/Applications/Firefox.app/Contents/MacOS/firefox-bin" "--marionette" "-headless" "--remote-debugging-port" "50251" "--remote-allow-hosts" "localhost" "-foreground" "-no-remote" "-profile" "/var/folders/57/n3qr69pj31qdtbzplhrrx_1w0000gn/T/rust_mozprofilelWKBKq"
*** You are running in headless mode.
1662558387068	Marionette	INFO	Marionette enabled
2022-09-07 14:46:27.069 plugin-container[94210:11739258] nil host used in call to allowsSpecificHTTPSCertificateForHost
2022-09-07 14:46:27.069 plugin-container[94210:11739258] nil host used in call to allowsAnyHTTPSCertificateForHost:
2022-09-07 14:46:27.073 plugin-container[94210:11739258] nil host used in call to allowsSpecificHTTPSCertificateForHost
2022-09-07 14:46:27.073 plugin-container[94210:11739258] nil host used in call to allowsAnyHTTPSCertificateForHost:
2022-09-07 14:46:27.073 plugin-container[94210:11739256] nil host used in call to allowsSpecificHTTPSCertificateForHost
2022-09-07 14:46:27.073 plugin-container[94210:11739256] nil host used in call to allowsAnyHTTPSCertificateForHost:
1662558387101	Marionette	INFO	Listening on port 50262
WebDriver BiDi listening on ws://localhost:50251
Read port: 50262
1662558387221	RemoteAgent	WARN	TLS certificate errors will be ignored for this session
[GFX1-]: RenderCompositorSWGL failed mapping default framebuffer, no dt
console.warn: SearchSettings: "get: No settings file exists, new profile?" (new NotFoundError("Could not open the file at /var/folders/57/n3qr69pj31qdtbzplhrrx_1w0000gn/T/rust_mozprofilelWKBKq/search.json.mozlz4", (void 0)))
DevTools listening on ws://localhost:50251/devtools/browser/04abca3c-c3e1-4ef6-9ff5-f2a5a751d943
JavaScript warning: https://pagead2.googlesyndication.com/bg/dMUMwKlHRkKFxm324gu_shN2JBGfr2rZRInLP1vMiqM.js line 2 > eval line 3645 > eval line 1 > eval line 1 > eval, line 1: WEBGL_debug_renderer_info is deprecated in Firefox and will be removed. Please use RENDERER.
1662558392568	Marionette	INFO	Stopped listening on port 50262
JavaScript error: , line 0: TypeError: NetworkError when attempting to fetch resource.
JavaScript error: , line 0: TypeError: NetworkError when attempting to fetch resource.
JavaScript error: , line 0: TypeError: NetworkError when attempting to fetch resource.
1662558397627	geckodriver	INFO	Listening on 127.0.0.1:50378
1662558398141	mozrunner::runner	INFO	Running command: "/Applications/Firefox.app/Contents/MacOS/firefox-bin" "--marionette" "-headless" "--remote-debugging-port" "50379" "--remote-allow-hosts" "localhost" "-foreground" "-no-remote" "-profile" "/var/folders/57/n3qr69pj31qdtbzplhrrx_1w0000gn/T/rust_mozprofileVM1liG"
*** You are running in headless mode.
1662558398429	Marionette	INFO	Marionette enabled
2022-09-07 14:46:38.430 plugin-container[94223:11739645] nil host used in call to allowsSpecificHTTPSCertificateForHost
2022-09-07 14:46:38.430 plugin-container[94223:11739645] nil host used in call to allowsAnyHTTPSCertificateForHost:
2022-09-07 14:46:38.433 plugin-container[94223:11739645] nil host used in call to allowsSpecificHTTPSCertificateForHost
2022-09-07 14:46:38.433 plugin-container[94223:11739645] nil host used in call to allowsAnyHTTPSCertificateForHost:
2022-09-07 14:46:38.433 plugin-container[94223:11739674] nil host used in call to allowsSpecificHTTPSCertificateForHost
2022-09-07 14:46:38.433 plugin-container[94223:11739674] nil host used in call to allowsAnyHTTPSCertificateForHost:
1662558398437	Marionette	INFO	Listening on port 50390
WebDriver BiDi listening on ws://localhost:50379
Read port: 50390
1662558398573	RemoteAgent	WARN	TLS certificate errors will be ignored for this session
[GFX1-]: RenderCompositorSWGL failed mapping default framebuffer, no dt
console.warn: SearchSettings: "get: No settings file exists, new profile?" (new NotFoundError("Could not open the file at /var/folders/57/n3qr69pj31qdtbzplhrrx_1w0000gn/T/rust_mozprofileVM1liG/search.json.mozlz4", (void 0)))
DevTools listening on ws://localhost:50379/devtools/browser/f02a4c91-09eb-4660-85ab-0fbbd5581d53
JavaScript warning: https://pagead2.googlesyndication.com/bg/dMUMwKlHRkKFxm324gu_shN2JBGfr2rZRInLP1vMiqM.js line 2 > eval line 6785 > eval line 1 > eval line 1 > eval, line 1: WEBGL_debug_renderer_info is deprecated in Firefox and will be removed. Please use RENDERER.
1662558401043	Marionette	WARN	Ignoring event 'DOMContentLoaded' because document has an invalid readyState of 'complete'.
1662558403411	Marionette	INFO	Stopped listening on port 50390
JavaScript error: , line 0: TypeError: NetworkError when attempting to fetch resource.
JavaScript error: , line 0: TypeError: NetworkError when attempting to fetch resource.
JavaScript error: , line 0: TypeError: NetworkError when attempting to fetch resource.
1662558458704	geckodriver	INFO	Listening on 127.0.0.1:50717
1662558459208	mozrunner::runner	INFO	Running command: "/Applications/Firefox.app/Contents/MacOS/firefox-bin" "--marionette" "-headless" "--remote-debugging-port" "50718" "--remote-allow-hosts" "localhost" "-foreground" "-no-remote" "-profile" "/var/folders/57/n3qr69pj31qdtbzplhrrx_1w0000gn/T/rust_mozprofileQMfOK7"
*** You are running in headless mode.
2022-09-07 14:47:39.507 plugin-container[94255:11740297] nil host used in call to allowsSpecificHTTPSCertificateForHost
2022-09-07 14:47:39.507 plugin-container[94255:11740297] nil host used in call to allowsAnyHTTPSCertificateForHost:
2022-09-07 14:47:39.509 plugin-container[94255:11740297] nil host used in call to allowsSpecificHTTPSCertificateForHost
2022-09-07 14:47:39.509 plugin-container[94255:11740297] nil host used in call to allowsAnyHTTPSCertificateForHost:
2022-09-07 14:47:39.509 plugin-container[94255:11740295] nil host used in call to allowsSpecificHTTPSCertificateForHost
2022-09-07 14:47:39.509 plugin-container[94255:11740295] nil host used in call to allowsAnyHTTPSCertificateForHost:
1662558459514	Marionette	INFO	Marionette enabled
1662558459526	Marionette	INFO	Listening on port 50729
WebDriver BiDi listening on ws://localhost:50718
Read port: 50729
1662558459715	RemoteAgent	WARN	TLS certificate errors will be ignored for this session
[GFX1-]: RenderCompositorSWGL failed mapping default framebuffer, no dt
console.warn: SearchSettings: "get: No settings file exists, new profile?" (new NotFoundError("Could not open the file at /var/folders/57/n3qr69pj31qdtbzplhrrx_1w0000gn/T/rust_mozprofileQMfOK7/search.json.mozlz4", (void 0)))
DevTools listening on ws://localhost:50718/devtools/browser/8673990a-5ed8-441b-955f-a9758b869e4e
JavaScript warning: https://pagead2.googlesyndication.com/bg/dMUMwKlHRkKFxm324gu_shN2JBGfr2rZRInLP1vMiqM.js line 2 > eval line 4835 > eval line 1 > eval line 1 > eval, line 1: WEBGL_debug_renderer_info is deprecated in Firefox and will be removed. Please use RENDERER.
1662558465271	Marionette	INFO	Stopped listening on port 50729
JavaScript error: , line 0: TypeError: NetworkError when attempting to fetch resource.
JavaScript error: , line 0: TypeError: NetworkError when attempting to fetch resource.
JavaScript error: , line 0: TypeError: NetworkError when attempting to fetch resource.
1662558504486	geckodriver	INFO	Listening on 127.0.0.1:50975
1662558504983	mozrunner::runner	INFO	Running command: "/Applications/Firefox.app/Contents/MacOS/firefox-bin" "--marionette" "-headless" "--remote-debugging-port" "50976" "--remote-allow-hosts" "localhost" "-foreground" "-no-remote" "-profile" "/var/folders/57/n3qr69pj31qdtbzplhrrx_1w0000gn/T/rust_mozprofileVCHYLN"
*** You are running in headless mode.
1662558505343	Marionette	INFO	Marionette enabled
1662558505350	Marionette	INFO	Listening on port 50987
2022-09-07 14:48:25.352 plugin-container[94281:11740870] nil host used in call to allowsSpecificHTTPSCertificateForHost
2022-09-07 14:48:25.352 plugin-container[94281:11740870] nil host used in call to allowsAnyHTTPSCertificateForHost:
WebDriver BiDi listening on ws://localhost:50976
2022-09-07 14:48:25.355 plugin-container[94281:11740870] nil host used in call to allowsSpecificHTTPSCertificateForHost
2022-09-07 14:48:25.355 plugin-container[94281:11740870] nil host used in call to allowsAnyHTTPSCertificateForHost:
2022-09-07 14:48:25.355 plugin-container[94281:11740880] nil host used in call to allowsSpecificHTTPSCertificateForHost
2022-09-07 14:48:25.355 plugin-container[94281:11740880] nil host used in call to allowsAnyHTTPSCertificateForHost:
Read port: 50987
1662558505505	RemoteAgent	WARN	TLS certificate errors will be ignored for this session
[GFX1-]: RenderCompositorSWGL failed mapping default framebuffer, no dt
console.warn: SearchSettings: "get: No settings file exists, new profile?" (new NotFoundError("Could not open the file at /var/folders/57/n3qr69pj31qdtbzplhrrx_1w0000gn/T/rust_mozprofileVCHYLN/search.json.mozlz4", (void 0)))
DevTools listening on ws://localhost:50976/devtools/browser/dae28755-e30c-44ed-8cde-998e2e5aa42d
JavaScript warning: https://pagead2.googlesyndication.com/bg/dMUMwKlHRkKFxm324gu_shN2JBGfr2rZRInLP1vMiqM.js line 2 > eval line 2312 > eval line 1 > eval line 1 > eval, line 1: WEBGL_debug_renderer_info is deprecated in Firefox and will be removed. Please use RENDERER.
1662558510833	Marionette	INFO	Stopped listening on port 50987
JavaScript error: , line 0: TypeError: NetworkError when attempting to fetch resource.
JavaScript error: , line 0: TypeError: NetworkError when attempting to fetch resource.
JavaScript error: , line 0: TypeError: NetworkError when attempting to fetch resource.
1662558529150	geckodriver	INFO	Listening on 127.0.0.1:51143
1662558529645	mozrunner::runner	INFO	Running command: "/Applications/Firefox.app/Contents/MacOS/firefox-bin" "--marionette" "-headless" "--remote-debugging-port" "51144" "--remote-allow-hosts" "localhost" "-foreground" "-no-remote" "-profile" "/var/folders/57/n3qr69pj31qdtbzplhrrx_1w0000gn/T/rust_mozprofileAGWhb7"
*** You are running in headless mode.
2022-09-07 14:48:49.909 plugin-container[94301:11741330] nil host used in call to allowsSpecificHTTPSCertificateForHost
2022-09-07 14:48:49.910 plugin-container[94301:11741330] nil host used in call to allowsAnyHTTPSCertificateForHost:
1662558529911	Marionette	INFO	Marionette enabled
2022-09-07 14:48:49.913 plugin-container[94301:11741330] nil host used in call to allowsSpecificHTTPSCertificateForHost
2022-09-07 14:48:49.913 plugin-container[94301:11741330] nil host used in call to allowsAnyHTTPSCertificateForHost:
2022-09-07 14:48:49.913 plugin-container[94301:11741354] nil host used in call to allowsSpecificHTTPSCertificateForHost
2022-09-07 14:48:49.913 plugin-container[94301:11741354] nil host used in call to allowsAnyHTTPSCertificateForHost:
1662558529945	Marionette	INFO	Listening on port 51155
WebDriver BiDi listening on ws://localhost:51144
Read port: 51155
1662558530071	RemoteAgent	WARN	TLS certificate errors will be ignored for this session
[GFX1-]: RenderCompositorSWGL failed mapping default framebuffer, no dt
console.warn: SearchSettings: "get: No settings file exists, new profile?" (new NotFoundError("Could not open the file at /var/folders/57/n3qr69pj31qdtbzplhrrx_1w0000gn/T/rust_mozprofileAGWhb7/search.json.mozlz4", (void 0)))
DevTools listening on ws://localhost:51144/devtools/browser/dae93f04-96b5-4b43-b3d6-f4ad8e0f3912
JavaScript warning: https://pagead2.googlesyndication.com/bg/dMUMwKlHRkKFxm324gu_shN2JBGfr2rZRInLP1vMiqM.js line 2 > eval line 2433 > eval line 1 > eval line 1 > eval, line 1: WEBGL_debug_renderer_info is deprecated in Firefox and will be removed. Please use RENDERER.
1662558535627	Marionette	INFO	Stopped listening on port 51155
JavaScript error: , line 0: TypeError: NetworkError when attempting to fetch resource.
JavaScript error: , line 0: TypeError: NetworkError when attempting to fetch resource.
JavaScript error: , line 0: TypeError: NetworkError when attempting to fetch resource.
1662558608221	geckodriver	INFO	Listening on 127.0.0.1:51532
1662558608725	mozrunner::runner	INFO	Running command: "/Applications/Firefox.app/Contents/MacOS/firefox-bin" "--marionette" "-headless" "--remote-debugging-port" "51533" "--remote-allow-hosts" "localhost" "-foreground" "-no-remote" "-profile" "/var/folders/57/n3qr69pj31qdtbzplhrrx_1w0000gn/T/rust_mozprofileLssHe8"
*** You are running in headless mode.
1662558609027	Marionette	INFO	Marionette enabled
1662558609038	Marionette	INFO	Listening on port 51544
2022-09-07 14:50:09.038 plugin-container[94340:11742135] nil host used in call to allowsSpecificHTTPSCertificateForHost
2022-09-07 14:50:09.040 plugin-container[94340:11742135] nil host used in call to allowsAnyHTTPSCertificateForHost:
Read port: 51544
WebDriver BiDi listening on ws://localhost:51533
2022-09-07 14:50:09.043 plugin-container[94340:11742135] nil host used in call to allowsSpecificHTTPSCertificateForHost
2022-09-07 14:50:09.043 plugin-container[94340:11742135] nil host used in call to allowsAnyHTTPSCertificateForHost:
2022-09-07 14:50:09.043 plugin-container[94340:11742170] nil host used in call to allowsSpecificHTTPSCertificateForHost
2022-09-07 14:50:09.043 plugin-container[94340:11742170] nil host used in call to allowsAnyHTTPSCertificateForHost:
1662558609191	RemoteAgent	WARN	TLS certificate errors will be ignored for this session
[GFX1-]: RenderCompositorSWGL failed mapping default framebuffer, no dt
console.warn: SearchSettings: "get: No settings file exists, new profile?" (new NotFoundError("Could not open the file at /var/folders/57/n3qr69pj31qdtbzplhrrx_1w0000gn/T/rust_mozprofileLssHe8/search.json.mozlz4", (void 0)))
DevTools listening on ws://localhost:51533/devtools/browser/9bf44c22-96f0-4db1-bf46-acd5e4b458b0
JavaScript warning: https://pagead2.googlesyndication.com/bg/dMUMwKlHRkKFxm324gu_shN2JBGfr2rZRInLP1vMiqM.js line 2 > eval line 4813 > eval line 1 > eval line 1 > eval, line 1: WEBGL_debug_renderer_info is deprecated in Firefox and will be removed. Please use RENDERER.
1662558614119	Marionette	INFO	Stopped listening on port 51544
JavaScript error: , line 0: TypeError: NetworkError when attempting to fetch resource.
JavaScript error: , line 0: TypeError: NetworkError when attempting to fetch resource.
JavaScript error: , line 0: TypeError: NetworkError when attempting to fetch resource.
1662558646349	geckodriver	INFO	Listening on 127.0.0.1:51780
1662558646849	mozrunner::runner	INFO	Running command: "/Applications/Firefox.app/Contents/MacOS/firefox-bin" "--marionette" "-headless" "--remote-debugging-port" "51781" "--remote-allow-hosts" "localhost" "-foreground" "-no-remote" "-profile" "/var/folders/57/n3qr69pj31qdtbzplhrrx_1w0000gn/T/rust_mozprofilemK7WA5"
*** You are running in headless mode.
2022-09-07 14:50:47.147 plugin-container[94371:11742706] nil host used in call to allowsSpecificHTTPSCertificateForHost
2022-09-07 14:50:47.147 plugin-container[94371:11742706] nil host used in call to allowsAnyHTTPSCertificateForHost:
1662558647154	Marionette	INFO	Marionette enabled
2022-09-07 14:50:47.160 plugin-container[94371:11742706] nil host used in call to allowsSpecificHTTPSCertificateForHost
2022-09-07 14:50:47.160 plugin-container[94371:11742706] nil host used in call to allowsAnyHTTPSCertificateForHost:
2022-09-07 14:50:47.160 plugin-container[94371:11742704] nil host used in call to allowsSpecificHTTPSCertificateForHost
2022-09-07 14:50:47.160 plugin-container[94371:11742704] nil host used in call to allowsAnyHTTPSCertificateForHost:
1662558647162	Marionette	INFO	Listening on port 51792
WebDriver BiDi listening on ws://localhost:51781
Read port: 51792
1662558647326	RemoteAgent	WARN	TLS certificate errors will be ignored for this session
[GFX1-]: RenderCompositorSWGL failed mapping default framebuffer, no dt
console.warn: SearchSettings: "get: No settings file exists, new profile?" (new NotFoundError("Could not open the file at /var/folders/57/n3qr69pj31qdtbzplhrrx_1w0000gn/T/rust_mozprofilemK7WA5/search.json.mozlz4", (void 0)))
DevTools listening on ws://localhost:51781/devtools/browser/88d98e94-ca07-4c88-a6aa-c4fed5c69ff6
JavaScript warning: https://pagead2.googlesyndication.com/bg/dMUMwKlHRkKFxm324gu_shN2JBGfr2rZRInLP1vMiqM.js line 2 > eval line 6036 > eval line 1 > eval line 1 > eval, line 1: WEBGL_debug_renderer_info is deprecated in Firefox and will be removed. Please use RENDERER.
1662558652379	Marionette	INFO	Stopped listening on port 51792
JavaScript error: , line 0: TypeError: NetworkError when attempting to fetch resource.
JavaScript error: , line 0: TypeError: NetworkError when attempting to fetch resource.
JavaScript error: , line 0: TypeError: NetworkError when attempting to fetch resource.
1662558744150	geckodriver	INFO	Listening on 127.0.0.1:52250
1662558744638	mozrunner::runner	INFO	Running command: "/Applications/Firefox.app/Contents/MacOS/firefox-bin" "--marionette" "-headless" "--remote-debugging-port" "52251" "--remote-allow-hosts" "localhost" "-foreground" "-no-remote" "-profile" "/var/folders/57/n3qr69pj31qdtbzplhrrx_1w0000gn/T/rust_mozprofileh8Di3M"
*** You are running in headless mode.
1662558744989	Marionette	INFO	Marionette enabled
2022-09-07 14:52:24.993 plugin-container[94413:11743538] nil host used in call to allowsSpecificHTTPSCertificateForHost
2022-09-07 14:52:24.993 plugin-container[94413:11743538] nil host used in call to allowsAnyHTTPSCertificateForHost:
1662558744999	Marionette	INFO	Listening on port 52262
2022-09-07 14:52:25.003 plugin-container[94413:11743538] nil host used in call to allowsSpecificHTTPSCertificateForHost
2022-09-07 14:52:25.003 plugin-container[94413:11743538] nil host used in call to allowsAnyHTTPSCertificateForHost:
2022-09-07 14:52:25.004 plugin-container[94413:11743543] nil host used in call to allowsSpecificHTTPSCertificateForHost
2022-09-07 14:52:25.004 plugin-container[94413:11743543] nil host used in call to allowsAnyHTTPSCertificateForHost:
WebDriver BiDi listening on ws://localhost:52251
Read port: 52262
1662558745196	RemoteAgent	WARN	TLS certificate errors will be ignored for this session
[GFX1-]: RenderCompositorSWGL failed mapping default framebuffer, no dt
console.warn: SearchSettings: "get: No settings file exists, new profile?" (new NotFoundError("Could not open the file at /var/folders/57/n3qr69pj31qdtbzplhrrx_1w0000gn/T/rust_mozprofileh8Di3M/search.json.mozlz4", (void 0)))
DevTools listening on ws://localhost:52251/devtools/browser/06155814-993c-4426-8173-5b0151661c12
JavaScript warning: https://pagead2.googlesyndication.com/bg/dMUMwKlHRkKFxm324gu_shN2JBGfr2rZRInLP1vMiqM.js line 2 > eval line 79 > eval line 1 > eval line 1 > eval, line 1: WEBGL_debug_renderer_info is deprecated in Firefox and will be removed. Please use RENDERER.
1662558750607	Marionette	INFO	Stopped listening on port 52262
JavaScript error: , line 0: TypeError: NetworkError when attempting to fetch resource.
JavaScript error: , line 0: TypeError: NetworkError when attempting to fetch resource.
JavaScript error: , line 0: TypeError: NetworkError when attempting to fetch resource.
1662558757217	geckodriver	INFO	Listening on 127.0.0.1:52393
1662558757730	mozrunner::runner	INFO	Running command: "/Applications/Firefox.app/Contents/MacOS/firefox-bin" "--marionette" "-headless" "--remote-debugging-port" "52394" "--remote-allow-hosts" "localhost" "-foreground" "-no-remote" "-profile" "/var/folders/57/n3qr69pj31qdtbzplhrrx_1w0000gn/T/rust_mozprofile5ye2r6"
*** You are running in headless mode.
2022-09-07 14:52:37.980 plugin-container[94443:11744094] nil host used in call to allowsSpecificHTTPSCertificateForHost
2022-09-07 14:52:37.980 plugin-container[94443:11744094] nil host used in call to allowsAnyHTTPSCertificateForHost:
2022-09-07 14:52:37.982 plugin-container[94443:11744094] nil host used in call to allowsSpecificHTTPSCertificateForHost
2022-09-07 14:52:37.982 plugin-container[94443:11744094] nil host used in call to allowsAnyHTTPSCertificateForHost:
2022-09-07 14:52:37.983 plugin-container[94443:11744099] nil host used in call to allowsSpecificHTTPSCertificateForHost
2022-09-07 14:52:37.983 plugin-container[94443:11744099] nil host used in call to allowsAnyHTTPSCertificateForHost:
1662558757985	Marionette	INFO	Marionette enabled
1662558758021	Marionette	INFO	Listening on port 52405
WebDriver BiDi listening on ws://localhost:52394
Read port: 52405
1662558758135	RemoteAgent	WARN	TLS certificate errors will be ignored for this session
[GFX1-]: RenderCompositorSWGL failed mapping default framebuffer, no dt
console.warn: SearchSettings: "get: No settings file exists, new profile?" (new NotFoundError("Could not open the file at /var/folders/57/n3qr69pj31qdtbzplhrrx_1w0000gn/T/rust_mozprofile5ye2r6/search.json.mozlz4", (void 0)))
DevTools listening on ws://localhost:52394/devtools/browser/4e54e134-980a-43db-bf54-c2f9617a1a43
JavaScript warning: https://pagead2.googlesyndication.com/bg/dMUMwKlHRkKFxm324gu_shN2JBGfr2rZRInLP1vMiqM.js line 2 > eval line 4441 > eval line 1 > eval line 1 > eval, line 1: WEBGL_debug_renderer_info is deprecated in Firefox and will be removed. Please use RENDERER.
1662558763543	Marionette	INFO	Stopped listening on port 52405
JavaScript error: , line 0: TypeError: NetworkError when attempting to fetch resource.
JavaScript error: , line 0: TypeError: NetworkError when attempting to fetch resource.
JavaScript error: , line 0: TypeError: NetworkError when attempting to fetch resource.
1662558998376	geckodriver	INFO	Listening on 127.0.0.1:53452
1662558998878	mozrunner::runner	INFO	Running command: "/Applications/Firefox.app/Contents/MacOS/firefox-bin" "--marionette" "-headless" "--remote-debugging-port" "53453" "--remote-allow-hosts" "localhost" "-foreground" "-no-remote" "-profile" "/var/folders/57/n3qr69pj31qdtbzplhrrx_1w0000gn/T/rust_mozprofilefzCojC"
*** You are running in headless mode.
2022-09-07 14:56:39.234 plugin-container[94485:11745584] nil host used in call to allowsSpecificHTTPSCertificateForHost
2022-09-07 14:56:39.234 plugin-container[94485:11745584] nil host used in call to allowsAnyHTTPSCertificateForHost:
1662558999245	Marionette	INFO	Marionette enabled
1662558999254	Marionette	INFO	Listening on port 53464
WebDriver BiDi listening on ws://localhost:53453
2022-09-07 14:56:39.266 plugin-container[94485:11745584] nil host used in call to allowsSpecificHTTPSCertificateForHost
2022-09-07 14:56:39.266 plugin-container[94485:11745584] nil host used in call to allowsAnyHTTPSCertificateForHost:
2022-09-07 14:56:39.266 plugin-container[94485:11745586] nil host used in call to allowsSpecificHTTPSCertificateForHost
2022-09-07 14:56:39.266 plugin-container[94485:11745586] nil host used in call to allowsAnyHTTPSCertificateForHost:
Read port: 53464
1662558999462	RemoteAgent	WARN	TLS certificate errors will be ignored for this session
[GFX1-]: RenderCompositorSWGL failed mapping default framebuffer, no dt
console.warn: SearchSettings: "get: No settings file exists, new profile?" (new NotFoundError("Could not open the file at /var/folders/57/n3qr69pj31qdtbzplhrrx_1w0000gn/T/rust_mozprofilefzCojC/search.json.mozlz4", (void 0)))
DevTools listening on ws://localhost:53453/devtools/browser/7ff39f54-8be7-41df-94c4-e9d2140ffc17
JavaScript warning: https://pagead2.googlesyndication.com/bg/dMUMwKlHRkKFxm324gu_shN2JBGfr2rZRInLP1vMiqM.js line 2 > eval line 490 > eval line 1 > eval line 1 > eval, line 1: WEBGL_debug_renderer_info is deprecated in Firefox and will be removed. Please use RENDERER.
1662559003309	Marionette	WARN	Ignoring event 'DOMContentLoaded' because document has an invalid readyState of 'complete'.
1662559004922	Marionette	INFO	Stopped listening on port 53464
JavaScript error: , line 0: TypeError: NetworkError when attempting to fetch resource.
JavaScript error: , line 0: TypeError: NetworkError when attempting to fetch resource.
JavaScript error: , line 0: TypeError: NetworkError when attempting to fetch resource.
1662559117312	geckodriver	INFO	Listening on 127.0.0.1:54014
1662559117810	mozrunner::runner	INFO	Running command: "/Applications/Firefox.app/Contents/MacOS/firefox-bin" "--marionette" "-headless" "--remote-debugging-port" "54015" "--remote-allow-hosts" "localhost" "-foreground" "-no-remote" "-profile" "/var/folders/57/n3qr69pj31qdtbzplhrrx_1w0000gn/T/rust_mozprofilecn9Wze"
*** You are running in headless mode.
2022-09-07 14:58:38.158 plugin-container[94564:11747155] nil host used in call to allowsSpecificHTTPSCertificateForHost
2022-09-07 14:58:38.158 plugin-container[94564:11747155] nil host used in call to allowsAnyHTTPSCertificateForHost:
2022-09-07 14:58:38.163 plugin-container[94564:11747155] nil host used in call to allowsSpecificHTTPSCertificateForHost
2022-09-07 14:58:38.163 plugin-container[94564:11747155] nil host used in call to allowsAnyHTTPSCertificateForHost:
2022-09-07 14:58:38.163 plugin-container[94564:11747182] nil host used in call to allowsSpecificHTTPSCertificateForHost
2022-09-07 14:58:38.163 plugin-container[94564:11747182] nil host used in call to allowsAnyHTTPSCertificateForHost:
1662559118164	Marionette	INFO	Marionette enabled
1662559118175	Marionette	INFO	Listening on port 54026
WebDriver BiDi listening on ws://localhost:54015
Read port: 54026
1662559118350	RemoteAgent	WARN	TLS certificate errors will be ignored for this session
[GFX1-]: RenderCompositorSWGL failed mapping default framebuffer, no dt
console.warn: SearchSettings: "get: No settings file exists, new profile?" (new NotFoundError("Could not open the file at /var/folders/57/n3qr69pj31qdtbzplhrrx_1w0000gn/T/rust_mozprofilecn9Wze/search.json.mozlz4", (void 0)))
DevTools listening on ws://localhost:54015/devtools/browser/208cc23e-cb4b-4896-bb32-9b85c98bec27
JavaScript warning: https://pagead2.googlesyndication.com/bg/dMUMwKlHRkKFxm324gu_shN2JBGfr2rZRInLP1vMiqM.js line 2 > eval line 5757 > eval line 1 > eval line 1 > eval, line 1: WEBGL_debug_renderer_info is deprecated in Firefox and will be removed. Please use RENDERER.
1662559121169	Marionette	WARN	Ignoring event 'DOMContentLoaded' because document has an invalid readyState of 'complete'.
1662559123384	Marionette	INFO	Stopped listening on port 54026
JavaScript error: , line 0: TypeError: NetworkError when attempting to fetch resource.
JavaScript error: , line 0: TypeError: NetworkError when attempting to fetch resource.
JavaScript error: , line 0: TypeError: NetworkError when attempting to fetch resource.
1662559171676	geckodriver	INFO	Listening on 127.0.0.1:54311
1662559172182	mozrunner::runner	INFO	Running command: "/Applications/Firefox.app/Contents/MacOS/firefox-bin" "--marionette" "-headless" "--remote-debugging-port" "54312" "--remote-allow-hosts" "localhost" "-foreground" "-no-remote" "-profile" "/var/folders/57/n3qr69pj31qdtbzplhrrx_1w0000gn/T/rust_mozprofile62PgUv"
*** You are running in headless mode.
2022-09-07 14:59:32.450 plugin-container[94599:11747803] nil host used in call to allowsSpecificHTTPSCertificateForHost
2022-09-07 14:59:32.450 plugin-container[94599:11747803] nil host used in call to allowsAnyHTTPSCertificateForHost:
2022-09-07 14:59:32.459 plugin-container[94599:11747803] nil host used in call to allowsSpecificHTTPSCertificateForHost
2022-09-07 14:59:32.459 plugin-container[94599:11747803] nil host used in call to allowsAnyHTTPSCertificateForHost:
2022-09-07 14:59:32.459 plugin-container[94599:11747798] nil host used in call to allowsSpecificHTTPSCertificateForHost
2022-09-07 14:59:32.459 plugin-container[94599:11747798] nil host used in call to allowsAnyHTTPSCertificateForHost:
1662559172461	Marionette	INFO	Marionette enabled
1662559172502	Marionette	INFO	Listening on port 54323
WebDriver BiDi listening on ws://localhost:54312
Read port: 54323
1662559172643	RemoteAgent	WARN	TLS certificate errors will be ignored for this session
[GFX1-]: RenderCompositorSWGL failed mapping default framebuffer, no dt
console.warn: SearchSettings: "get: No settings file exists, new profile?" (new NotFoundError("Could not open the file at /var/folders/57/n3qr69pj31qdtbzplhrrx_1w0000gn/T/rust_mozprofile62PgUv/search.json.mozlz4", (void 0)))
DevTools listening on ws://localhost:54312/devtools/browser/bef4e482-72ba-4b70-a6e4-c96c0880473a
JavaScript warning: https://pagead2.googlesyndication.com/bg/dMUMwKlHRkKFxm324gu_shN2JBGfr2rZRInLP1vMiqM.js line 2 > eval line 6230 > eval line 1 > eval line 1 > eval, line 1: WEBGL_debug_renderer_info is deprecated in Firefox and will be removed. Please use RENDERER.
1662559177695	Marionette	INFO	Stopped listening on port 54323
JavaScript error: , line 0: TypeError: NetworkError when attempting to fetch resource.
JavaScript error: , line 0: TypeError: NetworkError when attempting to fetch resource.
JavaScript error: , line 0: TypeError: NetworkError when attempting to fetch resource.
1662559193814	geckodriver	INFO	Listening on 127.0.0.1:54504
1662559194322	mozrunner::runner	INFO	Running command: "/Applications/Firefox.app/Contents/MacOS/firefox-bin" "--marionette" "-headless" "--remote-debugging-port" "54505" "--remote-allow-hosts" "localhost" "-foreground" "-no-remote" "-profile" "/var/folders/57/n3qr69pj31qdtbzplhrrx_1w0000gn/T/rust_mozprofilezyPkdF"
*** You are running in headless mode.
2022-09-07 14:59:54.638 plugin-container[94623:11748342] nil host used in call to allowsSpecificHTTPSCertificateForHost
2022-09-07 14:59:54.639 plugin-container[94623:11748342] nil host used in call to allowsAnyHTTPSCertificateForHost:
2022-09-07 14:59:54.644 plugin-container[94623:11748342] nil host used in call to allowsSpecificHTTPSCertificateForHost
2022-09-07 14:59:54.644 plugin-container[94623:11748342] nil host used in call to allowsAnyHTTPSCertificateForHost:
2022-09-07 14:59:54.644 plugin-container[94623:11748368] nil host used in call to allowsSpecificHTTPSCertificateForHost
2022-09-07 14:59:54.644 plugin-container[94623:11748368] nil host used in call to allowsAnyHTTPSCertificateForHost:
1662559194645	Marionette	INFO	Marionette enabled
1662559194652	Marionette	INFO	Listening on port 54516
WebDriver BiDi listening on ws://localhost:54505
Read port: 54516
1662559194801	RemoteAgent	WARN	TLS certificate errors will be ignored for this session
[GFX1-]: RenderCompositorSWGL failed mapping default framebuffer, no dt
console.warn: SearchSettings: "get: No settings file exists, new profile?" (new NotFoundError("Could not open the file at /var/folders/57/n3qr69pj31qdtbzplhrrx_1w0000gn/T/rust_mozprofilezyPkdF/search.json.mozlz4", (void 0)))
DevTools listening on ws://localhost:54505/devtools/browser/71e2d5b2-7ecd-4bd5-b0c0-3142786d98a6
1662559197943	Marionette	INFO	Stopped listening on port 54516
1662559322104	geckodriver	INFO	Listening on 127.0.0.1:55136
1662559322602	mozrunner::runner	INFO	Running command: "/Applications/Firefox.app/Contents/MacOS/firefox-bin" "--marionette" "-headless" "--remote-debugging-port" "55137" "--remote-allow-hosts" "localhost" "-foreground" "-no-remote" "-profile" "/var/folders/57/n3qr69pj31qdtbzplhrrx_1w0000gn/T/rust_mozprofileXIw5Kc"
*** You are running in headless mode.
2022-09-07 15:02:02.940 plugin-container[94654:11749311] nil host used in call to allowsSpecificHTTPSCertificateForHost
2022-09-07 15:02:02.940 plugin-container[94654:11749311] nil host used in call to allowsAnyHTTPSCertificateForHost:
1662559322947	Marionette	INFO	Marionette enabled
1662559322954	Marionette	INFO	Listening on port 55148
2022-09-07 15:02:02.954 plugin-container[94654:11749311] nil host used in call to allowsSpecificHTTPSCertificateForHost
2022-09-07 15:02:02.954 plugin-container[94654:11749311] nil host used in call to allowsAnyHTTPSCertificateForHost:
2022-09-07 15:02:02.954 plugin-container[94654:11749318] nil host used in call to allowsSpecificHTTPSCertificateForHost
2022-09-07 15:02:02.954 plugin-container[94654:11749318] nil host used in call to allowsAnyHTTPSCertificateForHost:
WebDriver BiDi listening on ws://localhost:55137
Read port: 55148
1662559323133	RemoteAgent	WARN	TLS certificate errors will be ignored for this session
[GFX1-]: RenderCompositorSWGL failed mapping default framebuffer, no dt
console.warn: SearchSettings: "get: No settings file exists, new profile?" (new NotFoundError("Could not open the file at /var/folders/57/n3qr69pj31qdtbzplhrrx_1w0000gn/T/rust_mozprofileXIw5Kc/search.json.mozlz4", (void 0)))
DevTools listening on ws://localhost:55137/devtools/browser/fe03ad70-4fe3-4278-991f-4001a3120bd9
JavaScript warning: https://pagead2.googlesyndication.com/bg/dMUMwKlHRkKFxm324gu_shN2JBGfr2rZRInLP1vMiqM.js line 2 > eval line 5665 > eval line 1 > eval line 1 > eval, line 1: WEBGL_debug_renderer_info is deprecated in Firefox and will be removed. Please use RENDERER.
1662559326668	Marionette	INFO	Stopped listening on port 55148
JavaScript error: , line 0: TypeError: NetworkError when attempting to fetch resource.
JavaScript error: , line 0: TypeError: NetworkError when attempting to fetch resource.
JavaScript error: , line 0: TypeError: NetworkError when attempting to fetch resource.
1662559338240	geckodriver	INFO	Listening on 127.0.0.1:55314
1662559338750	mozrunner::runner	INFO	Running command: "/Applications/Firefox.app/Contents/MacOS/firefox-bin" "--marionette" "-headless" "--remote-debugging-port" "55315" "--remote-allow-hosts" "localhost" "-foreground" "-no-remote" "-profile" "/var/folders/57/n3qr69pj31qdtbzplhrrx_1w0000gn/T/rust_mozprofileaKQ1fO"
*** You are running in headless mode.
2022-09-07 15:02:18.959 plugin-container[94667:11749732] nil host used in call to allowsSpecificHTTPSCertificateForHost
2022-09-07 15:02:18.959 plugin-container[94667:11749732] nil host used in call to allowsAnyHTTPSCertificateForHost:
1662559338961	Marionette	INFO	Marionette enabled
2022-09-07 15:02:18.961 plugin-container[94667:11749732] nil host used in call to allowsSpecificHTTPSCertificateForHost
2022-09-07 15:02:18.961 plugin-container[94667:11749732] nil host used in call to allowsAnyHTTPSCertificateForHost:
2022-09-07 15:02:18.961 plugin-container[94667:11749739] nil host used in call to allowsSpecificHTTPSCertificateForHost
2022-09-07 15:02:18.961 plugin-container[94667:11749739] nil host used in call to allowsAnyHTTPSCertificateForHost:
1662559338969	Marionette	INFO	Listening on port 55326
WebDriver BiDi listening on ws://localhost:55315
Read port: 55326
1662559339167	RemoteAgent	WARN	TLS certificate errors will be ignored for this session
[GFX1-]: RenderCompositorSWGL failed mapping default framebuffer, no dt
console.warn: SearchSettings: "get: No settings file exists, new profile?" (new NotFoundError("Could not open the file at /var/folders/57/n3qr69pj31qdtbzplhrrx_1w0000gn/T/rust_mozprofileaKQ1fO/search.json.mozlz4", (void 0)))
DevTools listening on ws://localhost:55315/devtools/browser/09f6e083-f009-4503-86b2-930b37593fa6
1662559341730	Marionette	INFO	Stopped listening on port 55326
JavaScript error: resource://gre/modules/TerminatorTelemetry.jsm, line 60: AbortError: IOUtils: Shutting down and refusing additional I/O tasks
1662559618278	geckodriver	INFO	Listening on 127.0.0.1:56531
1662559618765	mozrunner::runner	INFO	Running command: "/Applications/Firefox.app/Contents/MacOS/firefox-bin" "--marionette" "-headless" "--remote-debugging-port" "56532" "--remote-allow-hosts" "localhost" "-foreground" "-no-remote" "-profile" "/var/folders/57/n3qr69pj31qdtbzplhrrx_1w0000gn/T/rust_mozprofile5dRchH"
*** You are running in headless mode.
1662559619049	Marionette	INFO	Marionette enabled
2022-09-07 15:06:59.065 plugin-container[94718:11751349] nil host used in call to allowsSpecificHTTPSCertificateForHost
2022-09-07 15:06:59.065 plugin-container[94718:11751349] nil host used in call to allowsAnyHTTPSCertificateForHost:
2022-09-07 15:06:59.068 plugin-container[94718:11751349] nil host used in call to allowsSpecificHTTPSCertificateForHost
2022-09-07 15:06:59.068 plugin-container[94718:11751349] nil host used in call to allowsAnyHTTPSCertificateForHost:
2022-09-07 15:06:59.068 plugin-container[94718:11751375] nil host used in call to allowsSpecificHTTPSCertificateForHost
2022-09-07 15:06:59.068 plugin-container[94718:11751375] nil host used in call to allowsAnyHTTPSCertificateForHost:
1662559619107	Marionette	INFO	Listening on port 56543
WebDriver BiDi listening on ws://localhost:56532
Read port: 56543
1662559619343	RemoteAgent	WARN	TLS certificate errors will be ignored for this session
[GFX1-]: RenderCompositorSWGL failed mapping default framebuffer, no dt
console.warn: SearchSettings: "get: No settings file exists, new profile?" (new NotFoundError("Could not open the file at /var/folders/57/n3qr69pj31qdtbzplhrrx_1w0000gn/T/rust_mozprofile5dRchH/search.json.mozlz4", (void 0)))
DevTools listening on ws://localhost:56532/devtools/browser/2bc7730b-18e4-4c1f-ae1b-4aa11943aa86
1662559621669	Marionette	INFO	Stopped listening on port 56543
1662559647502	geckodriver	INFO	Listening on 127.0.0.1:56714
1662559647980	mozrunner::runner	INFO	Running command: "/Applications/Firefox.app/Contents/MacOS/firefox-bin" "--marionette" "-headless" "--remote-debugging-port" "56715" "--remote-allow-hosts" "localhost" "-foreground" "-no-remote" "-profile" "/var/folders/57/n3qr69pj31qdtbzplhrrx_1w0000gn/T/rust_mozprofilexmUcNP"
*** You are running in headless mode.
2022-09-07 15:07:28.259 plugin-container[94740:11751803] nil host used in call to allowsSpecificHTTPSCertificateForHost
2022-09-07 15:07:28.259 plugin-container[94740:11751803] nil host used in call to allowsAnyHTTPSCertificateForHost:
2022-09-07 15:07:28.262 plugin-container[94740:11751803] nil host used in call to allowsSpecificHTTPSCertificateForHost
2022-09-07 15:07:28.262 plugin-container[94740:11751803] nil host used in call to allowsAnyHTTPSCertificateForHost:
2022-09-07 15:07:28.262 plugin-container[94740:11751815] nil host used in call to allowsSpecificHTTPSCertificateForHost
2022-09-07 15:07:28.262 plugin-container[94740:11751815] nil host used in call to allowsAnyHTTPSCertificateForHost:
1662559648274	Marionette	INFO	Marionette enabled
1662559648291	Marionette	INFO	Listening on port 56726
WebDriver BiDi listening on ws://localhost:56715
Read port: 56726
1662559648478	RemoteAgent	WARN	TLS certificate errors will be ignored for this session
[GFX1-]: RenderCompositorSWGL failed mapping default framebuffer, no dt
console.warn: SearchSettings: "get: No settings file exists, new profile?" (new NotFoundError("Could not open the file at /var/folders/57/n3qr69pj31qdtbzplhrrx_1w0000gn/T/rust_mozprofilexmUcNP/search.json.mozlz4", (void 0)))
DevTools listening on ws://localhost:56715/devtools/browser/405deb31-b71b-42f0-a95d-4b105d2d7670
1662559651003	Marionette	INFO	Stopped listening on port 56726
1662559700828	geckodriver	INFO	Listening on 127.0.0.1:56993
1662559701329	mozrunner::runner	INFO	Running command: "/Applications/Firefox.app/Contents/MacOS/firefox-bin" "--marionette" "-headless" "--remote-debugging-port" "56994" "--remote-allow-hosts" "localhost" "-foreground" "-no-remote" "-profile" "/var/folders/57/n3qr69pj31qdtbzplhrrx_1w0000gn/T/rust_mozprofiletaCkHS"
*** You are running in headless mode.
2022-09-07 15:08:21.692 plugin-container[94772:11752473] nil host used in call to allowsSpecificHTTPSCertificateForHost
2022-09-07 15:08:21.692 plugin-container[94772:11752473] nil host used in call to allowsAnyHTTPSCertificateForHost:
1662559701698	Marionette	INFO	Marionette enabled
1662559701705	Marionette	INFO	Listening on port 57005
2022-09-07 15:08:21.706 plugin-container[94772:11752473] nil host used in call to allowsSpecificHTTPSCertificateForHost
2022-09-07 15:08:21.706 plugin-container[94772:11752473] nil host used in call to allowsAnyHTTPSCertificateForHost:
2022-09-07 15:08:21.706 plugin-container[94772:11752503] nil host used in call to allowsSpecificHTTPSCertificateForHost
2022-09-07 15:08:21.706 plugin-container[94772:11752503] nil host used in call to allowsAnyHTTPSCertificateForHost:
WebDriver BiDi listening on ws://localhost:56994
Read port: 57005
1662559701855	RemoteAgent	WARN	TLS certificate errors will be ignored for this session
[GFX1-]: RenderCompositorSWGL failed mapping default framebuffer, no dt
console.warn: SearchSettings: "get: No settings file exists, new profile?" (new NotFoundError("Could not open the file at /var/folders/57/n3qr69pj31qdtbzplhrrx_1w0000gn/T/rust_mozprofiletaCkHS/search.json.mozlz4", (void 0)))
DevTools listening on ws://localhost:56994/devtools/browser/4f7f7cf3-a4a6-44e0-9ab9-ce1a9c11e278
1662559704293	Marionette	INFO	Stopped listening on port 57005
1662559783561	geckodriver	INFO	Listening on 127.0.0.1:57402
1662559784062	mozrunner::runner	INFO	Running command: "/Applications/Firefox.app/Contents/MacOS/firefox-bin" "--marionette" "-headless" "--remote-debugging-port" "57403" "--remote-allow-hosts" "localhost" "-foreground" "-no-remote" "-profile" "/var/folders/57/n3qr69pj31qdtbzplhrrx_1w0000gn/T/rust_mozprofileg1KPOU"
*** You are running in headless mode.
2022-09-07 15:09:44.389 plugin-container[94813:11753464] nil host used in call to allowsSpecificHTTPSCertificateForHost
2022-09-07 15:09:44.390 plugin-container[94813:11753464] nil host used in call to allowsAnyHTTPSCertificateForHost:
1662559784402	Marionette	INFO	Marionette enabled
2022-09-07 15:09:44.409 plugin-container[94813:11753464] nil host used in call to allowsSpecificHTTPSCertificateForHost
2022-09-07 15:09:44.409 plugin-container[94813:11753464] nil host used in call to allowsAnyHTTPSCertificateForHost:
2022-09-07 15:09:44.409 plugin-container[94813:11753470] nil host used in call to allowsSpecificHTTPSCertificateForHost
2022-09-07 15:09:44.409 plugin-container[94813:11753470] nil host used in call to allowsAnyHTTPSCertificateForHost:
1662559784456	Marionette	INFO	Listening on port 57410
WebDriver BiDi listening on ws://localhost:57403
Read port: 57410
1662559784670	RemoteAgent	WARN	TLS certificate errors will be ignored for this session
[GFX1-]: RenderCompositorSWGL failed mapping default framebuffer, no dt
console.warn: SearchSettings: "get: No settings file exists, new profile?" (new NotFoundError("Could not open the file at /var/folders/57/n3qr69pj31qdtbzplhrrx_1w0000gn/T/rust_mozprofileg1KPOU/search.json.mozlz4", (void 0)))
DevTools listening on ws://localhost:57403/devtools/browser/38dafafa-ccfa-41db-8151-af87786c8fec
1662559787018	Marionette	INFO	Stopped listening on port 57410
!!! error running onStopped callback: TypeError: callback is not a function
1662559813381	geckodriver	INFO	Listening on 127.0.0.1:57586
1662559813880	mozrunner::runner	INFO	Running command: "/Applications/Firefox.app/Contents/MacOS/firefox-bin" "--marionette" "-headless" "--remote-debugging-port" "57587" "--remote-allow-hosts" "localhost" "-foreground" "-no-remote" "-profile" "/var/folders/57/n3qr69pj31qdtbzplhrrx_1w0000gn/T/rust_mozprofileVZm04B"
*** You are running in headless mode.
2022-09-07 15:10:14.139 plugin-container[94834:11753998] nil host used in call to allowsSpecificHTTPSCertificateForHost
2022-09-07 15:10:14.139 plugin-container[94834:11753998] nil host used in call to allowsAnyHTTPSCertificateForHost:
2022-09-07 15:10:14.145 plugin-container[94834:11753998] nil host used in call to allowsSpecificHTTPSCertificateForHost
2022-09-07 15:10:14.145 plugin-container[94834:11753998] nil host used in call to allowsAnyHTTPSCertificateForHost:
2022-09-07 15:10:14.146 plugin-container[94834:11753996] nil host used in call to allowsSpecificHTTPSCertificateForHost
2022-09-07 15:10:14.146 plugin-container[94834:11753996] nil host used in call to allowsAnyHTTPSCertificateForHost:
1662559814147	Marionette	INFO	Marionette enabled
1662559814182	Marionette	INFO	Listening on port 57598
WebDriver BiDi listening on ws://localhost:57587
Read port: 57598
1662559814309	RemoteAgent	WARN	TLS certificate errors will be ignored for this session
[GFX1-]: RenderCompositorSWGL failed mapping default framebuffer, no dt
console.warn: SearchSettings: "get: No settings file exists, new profile?" (new NotFoundError("Could not open the file at /var/folders/57/n3qr69pj31qdtbzplhrrx_1w0000gn/T/rust_mozprofileVZm04B/search.json.mozlz4", (void 0)))
DevTools listening on ws://localhost:57587/devtools/browser/1d0dfba9-ba40-4267-a92c-ce8b4b90d63d
1662559816956	Marionette	INFO	Stopped listening on port 57598
JavaScript error: resource://gre/modules/TerminatorTelemetry.jsm, line 60: AbortError: IOUtils: Shutting down and refusing additional I/O tasks
1662559826596	geckodriver	INFO	Listening on 127.0.0.1:57707
1662559827105	mozrunner::runner	INFO	Running command: "/Applications/Firefox.app/Contents/MacOS/firefox-bin" "--marionette" "-headless" "--remote-debugging-port" "57708" "--remote-allow-hosts" "localhost" "-foreground" "-no-remote" "-profile" "/var/folders/57/n3qr69pj31qdtbzplhrrx_1w0000gn/T/rust_mozprofileu8FrdV"
*** You are running in headless mode.
1662559827413	Marionette	INFO	Marionette enabled
2022-09-07 15:10:27.417 plugin-container[94859:11754423] nil host used in call to allowsSpecificHTTPSCertificateForHost
2022-09-07 15:10:27.417 plugin-container[94859:11754423] nil host used in call to allowsAnyHTTPSCertificateForHost:
2022-09-07 15:10:27.421 plugin-container[94859:11754423] nil host used in call to allowsSpecificHTTPSCertificateForHost
2022-09-07 15:10:27.421 plugin-container[94859:11754423] nil host used in call to allowsAnyHTTPSCertificateForHost:
2022-09-07 15:10:27.421 plugin-container[94859:11754431] nil host used in call to allowsSpecificHTTPSCertificateForHost
2022-09-07 15:10:27.421 plugin-container[94859:11754431] nil host used in call to allowsAnyHTTPSCertificateForHost:
1662559827423	Marionette	INFO	Listening on port 57719
WebDriver BiDi listening on ws://localhost:57708
Read port: 57719
1662559827592	RemoteAgent	WARN	TLS certificate errors will be ignored for this session
[GFX1-]: RenderCompositorSWGL failed mapping default framebuffer, no dt
console.warn: SearchSettings: "get: No settings file exists, new profile?" (new NotFoundError("Could not open the file at /var/folders/57/n3qr69pj31qdtbzplhrrx_1w0000gn/T/rust_mozprofileu8FrdV/search.json.mozlz4", (void 0)))
DevTools listening on ws://localhost:57708/devtools/browser/e391db0f-74cd-4193-81a9-c32f0458bc63
1662559830104	Marionette	INFO	Stopped listening on port 57719
1662559904563	geckodriver	INFO	Listening on 127.0.0.1:58104
1662559905035	mozrunner::runner	INFO	Running command: "/Applications/Firefox.app/Contents/MacOS/firefox-bin" "--marionette" "-headless" "--remote-debugging-port" "58105" "--remote-allow-hosts" "localhost" "-foreground" "-no-remote" "-profile" "/var/folders/57/n3qr69pj31qdtbzplhrrx_1w0000gn/T/rust_mozprofilenBXEok"
*** You are running in headless mode.
2022-09-07 15:11:45.380 plugin-container[94908:11755378] nil host used in call to allowsSpecificHTTPSCertificateForHost
2022-09-07 15:11:45.380 plugin-container[94908:11755378] nil host used in call to allowsAnyHTTPSCertificateForHost:
1662559905384	Marionette	INFO	Marionette enabled
2022-09-07 15:11:45.389 plugin-container[94908:11755378] nil host used in call to allowsSpecificHTTPSCertificateForHost
2022-09-07 15:11:45.389 plugin-container[94908:11755378] nil host used in call to allowsAnyHTTPSCertificateForHost:
2022-09-07 15:11:45.389 plugin-container[94908:11755404] nil host used in call to allowsSpecificHTTPSCertificateForHost
2022-09-07 15:11:45.389 plugin-container[94908:11755404] nil host used in call to allowsAnyHTTPSCertificateForHost:
1662559905417	Marionette	INFO	Listening on port 58116
WebDriver BiDi listening on ws://localhost:58105
Read port: 58116
1662559905537	RemoteAgent	WARN	TLS certificate errors will be ignored for this session
[GFX1-]: RenderCompositorSWGL failed mapping default framebuffer, no dt
console.warn: SearchSettings: "get: No settings file exists, new profile?" (new NotFoundError("Could not open the file at /var/folders/57/n3qr69pj31qdtbzplhrrx_1w0000gn/T/rust_mozprofilenBXEok/search.json.mozlz4", (void 0)))
DevTools listening on ws://localhost:58105/devtools/browser/3d261217-fb20-42cb-aa25-c1276e2cb638
1662559916032	Marionette	INFO	Stopped listening on port 58116
1662559967806	geckodriver	INFO	Listening on 127.0.0.1:58421
1662559968310	mozrunner::runner	INFO	Running command: "/Applications/Firefox.app/Contents/MacOS/firefox-bin" "--marionette" "-headless" "--remote-debugging-port" "58422" "--remote-allow-hosts" "localhost" "-foreground" "-no-remote" "-profile" "/var/folders/57/n3qr69pj31qdtbzplhrrx_1w0000gn/T/rust_mozprofile6YZKye"
*** You are running in headless mode.
2022-09-07 15:12:48.615 plugin-container[94943:11756234] nil host used in call to allowsSpecificHTTPSCertificateForHost
2022-09-07 15:12:48.616 plugin-container[94943:11756234] nil host used in call to allowsAnyHTTPSCertificateForHost:
1662559968618	Marionette	INFO	Marionette enabled
2022-09-07 15:12:48.620 plugin-container[94943:11756234] nil host used in call to allowsSpecificHTTPSCertificateForHost
2022-09-07 15:12:48.620 plugin-container[94943:11756234] nil host used in call to allowsAnyHTTPSCertificateForHost:
2022-09-07 15:12:48.621 plugin-container[94943:11756232] nil host used in call to allowsSpecificHTTPSCertificateForHost
2022-09-07 15:12:48.621 plugin-container[94943:11756232] nil host used in call to allowsAnyHTTPSCertificateForHost:
1662559968625	Marionette	INFO	Listening on port 58433
WebDriver BiDi listening on ws://localhost:58422
Read port: 58433
1662559968820	RemoteAgent	WARN	TLS certificate errors will be ignored for this session
[GFX1-]: RenderCompositorSWGL failed mapping default framebuffer, no dt
console.warn: SearchSettings: "get: No settings file exists, new profile?" (new NotFoundError("Could not open the file at /var/folders/57/n3qr69pj31qdtbzplhrrx_1w0000gn/T/rust_mozprofile6YZKye/search.json.mozlz4", (void 0)))
DevTools listening on ws://localhost:58422/devtools/browser/4d0824b1-5d3f-47da-bf1f-7e7c49d9496d
JavaScript warning: https://pagead2.googlesyndication.com/bg/dMUMwKlHRkKFxm324gu_shN2JBGfr2rZRInLP1vMiqM.js line 2 > eval line 4136 > eval line 1 > eval line 1 > eval, line 1: WEBGL_debug_renderer_info is deprecated in Firefox and will be removed. Please use RENDERER.
1662559974230	Marionette	INFO	Stopped listening on port 58433
JavaScript error: , line 0: TypeError: NetworkError when attempting to fetch resource.
JavaScript error: , line 0: TypeError: NetworkError when attempting to fetch resource.
JavaScript error: , line 0: TypeError: NetworkError when attempting to fetch resource.
1662559987359	geckodriver	INFO	Listening on 127.0.0.1:58612
1662559987864	mozrunner::runner	INFO	Running command: "/Applications/Firefox.app/Contents/MacOS/firefox-bin" "--marionette" "-headless" "--remote-debugging-port" "58613" "--remote-allow-hosts" "localhost" "-foreground" "-no-remote" "-profile" "/var/folders/57/n3qr69pj31qdtbzplhrrx_1w0000gn/T/rust_mozprofileXCspum"
*** You are running in headless mode.
2022-09-07 15:13:08.153 plugin-container[94955:11756720] nil host used in call to allowsSpecificHTTPSCertificateForHost
2022-09-07 15:13:08.153 plugin-container[94955:11756720] nil host used in call to allowsAnyHTTPSCertificateForHost:
1662559988162	Marionette	INFO	Marionette enabled
2022-09-07 15:13:08.169 plugin-container[94955:11756720] nil host used in call to allowsSpecificHTTPSCertificateForHost
2022-09-07 15:13:08.169 plugin-container[94955:11756720] nil host used in call to allowsAnyHTTPSCertificateForHost:
2022-09-07 15:13:08.170 plugin-container[94955:11756728] nil host used in call to allowsSpecificHTTPSCertificateForHost
2022-09-07 15:13:08.170 plugin-container[94955:11756728] nil host used in call to allowsAnyHTTPSCertificateForHost:
1662559988201	Marionette	INFO	Listening on port 58624
WebDriver BiDi listening on ws://localhost:58613
Read port: 58624
1662559988333	RemoteAgent	WARN	TLS certificate errors will be ignored for this session
[GFX1-]: RenderCompositorSWGL failed mapping default framebuffer, no dt
console.warn: SearchSettings: "get: No settings file exists, new profile?" (new NotFoundError("Could not open the file at /var/folders/57/n3qr69pj31qdtbzplhrrx_1w0000gn/T/rust_mozprofileXCspum/search.json.mozlz4", (void 0)))
DevTools listening on ws://localhost:58613/devtools/browser/83ca1d2d-eeac-4e4e-8a29-4cb5262c653f
1662559991712	Marionette	INFO	Stopped listening on port 58624
1662560004703	geckodriver	INFO	Listening on 127.0.0.1:58785
1662560005209	mozrunner::runner	INFO	Running command: "/Applications/Firefox.app/Contents/MacOS/firefox-bin" "--marionette" "-headless" "--remote-debugging-port" "58786" "--remote-allow-hosts" "localhost" "-foreground" "-no-remote" "-profile" "/var/folders/57/n3qr69pj31qdtbzplhrrx_1w0000gn/T/rust_mozprofileO4v5J0"
*** You are running in headless mode.
1662560005513	Marionette	INFO	Marionette enabled
2022-09-07 15:13:25.516 plugin-container[94964:11757128] nil host used in call to allowsSpecificHTTPSCertificateForHost
2022-09-07 15:13:25.516 plugin-container[94964:11757128] nil host used in call to allowsAnyHTTPSCertificateForHost:
2022-09-07 15:13:25.519 plugin-container[94964:11757128] nil host used in call to allowsSpecificHTTPSCertificateForHost
2022-09-07 15:13:25.519 plugin-container[94964:11757128] nil host used in call to allowsAnyHTTPSCertificateForHost:
2022-09-07 15:13:25.519 plugin-container[94964:11757151] nil host used in call to allowsSpecificHTTPSCertificateForHost
2022-09-07 15:13:25.520 plugin-container[94964:11757151] nil host used in call to allowsAnyHTTPSCertificateForHost:
1662560005524	Marionette	INFO	Listening on port 58797
WebDriver BiDi listening on ws://localhost:58786
Read port: 58797
1662560005722	RemoteAgent	WARN	TLS certificate errors will be ignored for this session
[GFX1-]: RenderCompositorSWGL failed mapping default framebuffer, no dt
console.warn: SearchSettings: "get: No settings file exists, new profile?" (new NotFoundError("Could not open the file at /var/folders/57/n3qr69pj31qdtbzplhrrx_1w0000gn/T/rust_mozprofileO4v5J0/search.json.mozlz4", (void 0)))
DevTools listening on ws://localhost:58786/devtools/browser/0dd4686c-2b44-4df8-b2e7-a4ffabcc47c6
JavaScript warning: https://pagead2.googlesyndication.com/bg/dMUMwKlHRkKFxm324gu_shN2JBGfr2rZRInLP1vMiqM.js line 2 > eval line 135 > eval line 1 > eval line 1 > eval, line 1: WEBGL_debug_renderer_info is deprecated in Firefox and will be removed. Please use RENDERER.
1662560012064	Marionette	INFO	Stopped listening on port 58797
JavaScript error: , line 0: TypeError: NetworkError when attempting to fetch resource.
JavaScript error: , line 0: TypeError: NetworkError when attempting to fetch resource.
1662563530726	geckodriver	INFO	Listening on 127.0.0.1:7336
1662563534062	mozrunner::runner	INFO	Running command: "C:\\Program Files\\Mozilla Firefox\\firefox.exe" "--marionette" "--remote-debugging-port" "7337" "--remote-allow-hosts" "localhost" "-no-remote" "-profile" "C:\\Users\\chanj\\AppData\\Local\\Temp\\rust_mozprofilepZnfqN"
1662563536790	Marionette	INFO	Marionette enabled
1662563536840	Marionette	INFO	Listening on port 14736
WebDriver BiDi listening on ws://localhost:7337
Read port: 14736
1662563537712	RemoteAgent	WARN	TLS certificate errors will be ignored for this session
console.warn: SearchSettings: "get: No settings file exists, new profile?" (new NotFoundError("Could not open the file at C:\\Users\\chanj\\AppData\\Local\\Temp\\rust_mozprofilepZnfqN\\search.json.mozlz4", (void 0)))
DevTools listening on ws://localhost:7337/devtools/browser/336d116b-7767-418b-b192-0872726ad705
1662563560349	Marionette	INFO	Stopped listening on port 14736
